1 10 20
100 200 125
201 210 89
900 1000 174
100 500 144
100 10500 262
100 20500 279
100 30500 308
10500 20500 279
10500 30500 308
129991 135111 344
129991 135110 344
129991 135112 344
129990 135111 344
129990 135110 344
129990 135112 344
129992 135111 344
129992 135110 331
129992 135112 344
1 10000 262
10001 20000 279
20001 30000 308
30001 40000 324
40001 50000 314
50001 60000 340
60001 70000 335
70001 80000 351
80001 90000 333
90001 100000 333
100001 110000 354
110001 120000 349
120001 130000 344
130001 140000 344
140001 150000 375
150001 160000 383
160001 170000 370
170001 180000 347
180001 190000 365
190001 200000 360
200001 210000 373
210001 220000 386
220001 230000 368
230001 240000 443
240001 250000 368
250001 260000 363
260001 270000 407
270001 280000 407
280001 290000 389
290001 300000 371
300001 310000 371
310001 320000 384
320001 330000 384
