1 10 20
100 200 125
201 210 89
900 1000 174
10 1 20
1 20 21
20 1 21
100 200 125
23 59 113
23 23 16
999999 1000000 259
999998 999999 259
34523 342343 443
56453 23432 340
23423 13578 279
233422 987872 525
23423 876543 525
545 919191 525
32456 246810 443
234 17500 276
24667 123 282
9876 1 262
562 170000 383
4124 2600 238
84532 1000000 525
349275 23 443
34582 402 311
7658 1001 262
752 2 171
25727 88901 351
272513 777777 509
1134 231245 443
200000 200000 130
212123 212123 280
135790 124764 344
777777 999999 525
999999 123444 525
14790 999998 525
235678 231441 381
124535 123456 318
897979 231204 525
678597 890234 525
528966 899991 525
659643 200323 509
909909 102020 525
545345 102938 470
345346 912931 525
262222 454526 449
262566 671523 509
1222 123124 354
100100 100200 341
1 1000000 525
