1 10 20
100 200 125
201 210 89
900 1000 174
1 1 1
500 500 111
500 600 137
600 500 137
1 100 119
1 1000 179
1 10000 262
1 100000 351
1 1000000 525
10 1000000 525
100 1000000 525
1000 1000000 525
10000 1000000 525
100000 1000000 525
1000000 1000000 153
999999 1000000 259
500000 500000 152
400000 600000 470
300000 700000 509
200000 800000 509
100000 900000 525
157366 788934 509
694073 460194 509
673953 793017 504
491480 677869 509
624073 824699 509
5826 468003 449
497687 957850 525
47780 197908 383
844939 452367 525
722624 241573 509
740690 444781 509
164415 202426 365
227406 625486 470
315564 323624 371
280483 471229 449
860860 987542 507
278662 863555 525
523058 976813 525
329867 536233 470
513850 828162 509
711325 164717 509
78735 290465 443
576380 664902 509
372637 812813 509
70528 383820 443
313992 102256 443
131997 795721 509
380828 743313 509
452559 721559 509
797713 741119 468
502690 296303 449
249 783831 509
687350 21230 509
232268 65468 443
382795 199921 443
995758 52044 525
463635 4491 449
758138 808153 468
915328 299514 525
244160 599135 470
596060 301241 470
437116 794085 509
992901 507932 525
83359 798700 509
192278 684451 509
23455 362797 443
958791 734015 525
390315 792235 509
991042 128155 525
880657 708742 525
