1 10 20
100 200 125
201 210 89
900 1000 174
50 20 112
90000 90001 165
87 87 31
1 1 1
300 900 179
1000 2000 182
1500 2500 209
30 900 179
1000000 1 525
999000 100000 525
999900 100000 525
999000 999500 396
999500 999600 290
999600 999700 290
999700 999800 259
999800 999900 259
500000 900000 525
600000 800000 509
500000 800000 509
600000 900000 525
800000 900000 525
850000 900000 445
825000 850000 525
835000 850000 525
845000 850000 419
840000 845000 388
837000 840000 525
837000 838000 525
837250 837750 282
837000 837250 313
837750 838000 525
837800 837775 525
837700 837785 238
837700 837795 238
837800 837797 525
837800 837799 525
837800 837800 145
1000000 837800 507
837798 1 509
80000 80000 33
9 9 20
33 20 112
150 250 128
1000000 999999 259
500 5000 238
500000 750000 509