1 10 20
100 200 125
201 210 89
900 1000 174
744571 792593 468
293693 756737 509
521185 924477 525
714044 985995 525
598498 904515 525
683616 831749 504
497258 821593 509
80255 747704 509
84661 391346 443
41396 841397 525
912530 955084 507
724003 955406 525
804512 831428 450
873099 990095 507
104766 240433 443
192209 192849 347
480446 591133 470
483990 547299 470
606889 824081 509
146052 873091 525
908742 968426 507
388067 511138 449
323929 575691 470
871789 954100 507
552812 669650 509
662443 787830 504
994124 999643 440
921328 932907 476
842521 886564 432
244670 245754 319
614206 754927 509
632523 860238 525
241734 316470 407
896465 961563 507
671180 877507 525
297642 706506 509
847381 888137 445
194875 769631 509
799827 831892 450
347662 609983 470
557027 867820 525
682013 885413 525
721956 762918 424
538097 734024 509
420866 644919 509
937939 995031 507
762968 967803 525
257479 773581 509
252142 312863 407
536680 955198 525
187914 228953 386
689221 873871 525
627158 638352 416
517661 676661 509
350729 779379 509
36172 220081 386
100548 645323 509
215111 382014 443
139884 450595 449
349815 915862 525
742674 747223 349
279352 702420 509
467265 537295 470
81683 924356 525
175645 599344 470
479816 794503 509
349043 507727 449
349173 569124 470
608274 994495 525
302733 508786 449
652877 812349 504
520368 536877 408
279612 772133 509
928515 984308 507
955837 988956 458
920153 952775 507
405550 876854 525
339452 791376 509
75302 424625 449
832671 954017 525
147366 470984 449
761317 902497 525
632140 936829 525
241948 762665 509
246702 317249 407
187288 245741 443
462120 904257 525
209848 290546 443
674574 749803 504
192363 778958 509
703818 768440 504
983633 985891 427
308551 326157 384
82642 155144 375
863315 918994 476
1835 516172 470
698592 999932 525
179343 391937 443
404595 820128 509
1 1 1
1 1000000 525
