1 10 20
100 200 125
201 210 89
900 1000 174
1 1 1
200 100 125
71410 82246 351
9876 909 262
704097 732847 504
98768 78787 338
219780 974279 525
626428 492497 509
117345 944375 525
665764 776865 504
608987 193976 470
33915 731681 509
730819 875626 525
745252 30561 509
375409 754428 509
465943 581539 470
267008 228455 443
509631 14765 449
378102 372587 423
607444 303067 470
677756 400406 509
275890 406682 441
432675 119250 449
633445 73305 509
188645 602747 470
149730 403507 443
294959 490510 449
280778 946863 525
275871 491459 449
424916 649814 509
731429 909797 525
276840 554342 470
224353 990228 525
649913 23377 509
893275 698305 525
440347 261465 449
531913 199926 470
372764 382916 423
388731 304496 441
417912 728163 509
870567 665901 525
674075 173257 509
398409 393597 405
18637 339508 443
133547 969117 525
693168 493910 509
544771 254021 470
828348 99009 509
515400 324824 470
444636 934660 525
970754 611718 525
544366 308217 470
714327 619267 509
504411 994638 525
386427 284157 441
398794 199467 443
943234 125999 525
972865 914230 507
977882 236464 525
818846 807525 406
276546 654604 509
34155 667006 509
110139 380464 443
72521 87812 351
500530 185935 449
279609 95140 443
859538 304347 525
139590 283990 443
902514 57919 525
200262 219698 386
694463 42827 509
668376 580420 509
278893 321771 389
247066 105982 443
431411 216705 449
225474 543973 470
560519 804382 509
658362 768044 504
322852 906491 525
524406 951534 525
707923 677640 504
321551 640274 509
799768 743470 468
130262 210306 383
170164 809274 509
223380 895070 525
949200 317146 525
448495 349799 449
137336 255182 443
767757 39746 509
913447 731694 525
444712 987292 525
861020 23793 525
868198 218195 525
488852 948387 525
12936 49062 324
839772 233331 525
301312 634645 509
810770 33566 509
233630 116681 443
497150 722481 509
450686 755758 509
402972 801270 509
230096 240118 443
637004 781413 504
147644 995876 525
