1 10 20
100 200 125
201 210 89
900 1000 174
1 1000000 525
525824 790872 509
562412 266921 470
175507 600782 470
446458 281572 449
393956 544096 470
509866 789780 509
936808 821842 525
600213 751198 509
897771 108084 525
442812 648057 509
545422 947922 525
120511 839204 525
997723 465713 525
746315 828145 468
28100 35188 311
816661 588204 509
354724 60067 443
715628 579368 509
222405 630306 509
348712 183849 443
705722 564742 509
473033 885406 525
262555 5897 443
685587 951458 525
170398 703729 509
505392 128727 449
450690 570592 470
820774 748663 468
683320 796916 504
385427 568774 470
497338 556382 470
680793 253634 509
506631 753191 509
866814 991533 507
168776 913949 525
744772 281057 509
524082 910555 525
916240 865084 476
426487 160678 449
461678 594965 470
338177 412641 449
387419 627759 509
45983 327400 443
421582 132868 449
170404 379694 443
464483 4674 449
661067 910488 525
277106 693520 509
133794 262 354
913715 249458 525
145541 514598 470
611330 613489 354
796945 533794 509
388677 322150 441
441174 168161 449
77019 119454 354
373745 547372 470
78720 513062 470
221890 321217 443
84870 836741 509
628813 62927 509
119288 660828 509
695438 559412 509
732464 969353 525
756871 274703 509
496505 368951 449
136898 988817 525
861403 924540 476
993791 347177 525
492140 476793 413
548378 679271 509
473412 759336 509
648951 137901 509
303853 990188 525
276162 814209 509
