1 1 1
1 10 20
10 100 119
100 1000 179
10 1 20
100 200 125
201 210 89
900 1000 174
800000 900000 525
5000 5000 29
420399 530941 470
42569 61002 340
905 389126 443
41602 416020 449
52 964 179
964 52 179
916004 984623 507
317906 366666 441
19094 26137 282
2 2 2
820106 888888 525
1024 2056 182
46731 13746 324
697450 999999 525
437889 223450 449
111022 34190 354
400229 690657 509
98543 106248 354
506825 699289 509
2854 5609 238
348 871 179
152065 152065 57
9008 44102 324
765001 287813 509
93 97 119
923847 883192 476
93982 58856 351
167724 498632 449
78482 102468 341
12934 42005 324
823487 699223 504
4 56 113
2020 240752 443
5231 11210 268
500507 878641 525
142692 241853 443
52810 13409 340
699304 702456 411
100000 110000 354
2654 3891 238
9076 14056 276
