10 33 112
64834 2124 340
3883 222222 386
7784 7785 221
2144 3233 217
2144 3233 217
98765 6444 351
44343 333 324
322 3333 217
1038 3982 238
434 3333 217
838 8383 262
566 662622 509
1 1000000 525
74 83923 351
213 4393 238
19 299333 443
477 48992 324
2 16 20
344 47473 324
4222 44020 324
213 1 125
1000000 1 525
378 1238 182
1367 12312 268
74 82999 351
37 777 171
2111 90 182
90 333939 443
633 3733 238
3293 2193 217
54936 234234 443
583 2237 183
73 784 171
480986 243273 449
999999 1000000 259
67899 328132 443
48424 22333 324
4975 823948 509
694 2349 183
1273 112321 354
359559 595955 470
50325 656456 509
5754 405499 443
999 990999 525
438 37482 324
436776 676767 509
77777 777767 509
97878 67667 351
234234 3243 443
58541 4535 340
43521 45455 314
24344 5555 282
3424 4344 238
83813 12313 351
38583 35352 324
