188829 101502 383
299873 361307 441
502982 609204 470
788905 812265 468
57812 212823 383
433680 330168 449
520154 610731 452
914869 833601 525
191061 184028 360
259260 264155 407
574609 577873 390
780124 898241 525
190099 200786 360
450203 421187 418
636221 744339 504
968172 912398 507
249813 91695 443
341564 491120 449
557589 689860 509
910504 977248 507
83804 158184 383
483052 320545 449
554645 658150 509
939047 966962 507
10670 139359 354
252056 368680 441
580061 718789 509
778719 772843 437
100445 1440 351
276356 258058 407
704800 502170 509
887017 854816 445
184443 91792 383
374997 369053 392
748873 539097 509
820358 985057 525
36273 170148 383
321273 298829 384
617706 732643 509
930371 815706 525
237024 123121 443
344518 265997 407
621388 709646 509
974968 783064 525
162810 130104 383
379696 262016 441
662836 659870 323
768140 760721 468
108844 37986 354
365599 419656 449
620136 667691 509
984995 791411 525
202329 243556 443
395786 411143 449
511465 644952 509
955037 893456 507
8315 30745 308
443129 263531 449
706157 683245 504
870772 898455 445
63237 174726 383
497629 454951 444
601356 604823 385
874735 752313 525
92942 173520 383
482382 489484 382
564431 530973 452
901514 957050 507
76888 129290 354
306634 455877 449
648102 689788 442
870364 929859 476
241621 166865 443
408297 375924 436
728236 719330 411
849726 907396 445
223798 141131 386
394734 272827 441
681514 546007 509
931875 873803 476
140492 160692 383
292921 356618 441
537605 720207 509
914719 893771 476
107635 121773 349
351016 258709 441
657412 736216 504
960155 902226 507
78580 229570 386
448285 253330 449
557183 500103 470
995913 968157 458
19031 128586 354
474057 321713 449
619198 706686 509
773719 870877 525
101682 114400 354
293093 267297 407
502404 591950 470
798568 759736 468
