769316 770168 393
652779 653484 336
83680 84489 320
141681 142661 375
182931 183535 254
215731 215798 218
896970 897101 264
308200 308508 309
132223 132968 331
619603 620576 372
197731 198610 329
404185 404724 312
587811 588590 328
907483 908158 339
487368 488311 382
558156 558203 178
841607 841974 313
762565 762966 331
176616 177616 334
11603 12417 263
376385 377160 423
628593 629377 279
586102 586626 359
927743 927801 308
209458 209902 280
523226 523283 227
399788 399986 229
280861 281354 327
130748 131490 300
521891 522580 333
641470 642340 416
485868 486425 338
375501 376224 330
932787 932834 308
427053 427621 356
253907 254445 288
753568 753894 331
936268 936499 277
140733 141434 282
372994 373494 286
282536 282582 252
48420 48444 221
294585 295315 358
846798 847546 419
1164 1215 164
624740 625266 354
401889 402557 268
455657 456292 338
514680 515421 395
811635 812410 362
671509 671851 323
780032 781028 344
750987 751801 331
20272 20339 243
745358 745842 349
980146 980327 246
556421 556607 302
911678 911820 220
742552 743060 318
216871 217638 324
83198 83542 289
713191 713614 380
893588 893848 295
198792 199108 236
351813 352450 335
68419 68943 312
755419 756265 362
756347 757045 362
442869 443267 325
193070 193327 329
266491 266808 314
51578 51891 247
693148 693832 367
852199 852708 313
892391 893293 295
204002 204954 311
6041 6351 262
784456 784953 313
910816 911469 339
386811 387650 286
965473 966443 365
872758 873282 326
84435 85332 289
903588 904257 295
559524 559678 253
706294 706720 305
438169 438217 294
740521 741245 362
948415 948426 171
400355 400414 237
279378 280127 283
840149 840343 282
367518 368455 317
671048 671296 261
651051 651746 336
769288 769440 393
371676 372209 317
28746 28983 228
639924 640784 416
583935 584373 372
