1 10 20
100 200 125
201 210 89
900 1000 174
116630 161658 383
23415 20632 269
397344 420537 449
913726 838945 476
726925 791913 468
51089 405442 443
107577 677013 509
469223 9433 449
212167 437063 449
438586 707841 509
75480 545802 470
285846 872996 525
945500 386926 525
623861 655780 509
830676 549642 509
947077 239000 525
561355 668407 509
56778 456203 449
396071 846399 525
818664 16055 509
212804 437074 449
966578 447886 525
166517 147896 383
843185 677127 525
533436 611122 452
14504 438661 449
220298 494151 449
48806 597114 470
20170 129430 354
270646 966980 525
147692 647388 509
701156 909769 525
358450 832808 509
84554 178229 383
547408 720464 509
929305 82821 525
649197 933544 525
211920 742350 509
652251 305627 509
926533 598204 525
483679 927780 525
634186 727426 504
863249 561108 525
374508 990294 525
698003 554996 509
100773 192037 383
385632 498501 449
255367 933485 525
317481 139060 443
987780 861221 507
665842 693075 442
566057 798115 509
320793 908680 525
633061 471382 509
59097 766302 509
612235 951362 525
509516 969456 525
928561 81 525
919373 745447 525
344193 442015 449
589984 774978 509
54405 104594 351
918065 161865 525
807319 989711 525
265557 330383 407
143206 279808 443
427200 95543 449
14919 928077 525
757184 546492 509
798401 596201 509
451221 976419 525
455370 854782 525
764739 621261 509
61491 707912 509
49955 551923 470
