1 10 20
100 200 125
201 210 89
900 1000 174
579874 580447 253
428360 429550 281
920324 920450 308
866329 866862 326
926023 926056 308
962100 962875 383
813855 814162 269
524232 524257 227
763806 764694 318
59313 101644 351
672679 678679 385
948401 949122 326
40201 96818 351
287058 288317 327
820800 820923 313
751552 753560 424
878579 880393 357
720330 720593 349
344272 345246 304
893765 896779 370
235089 236786 337
706770 709596 349
900921 901085 277
825568 826219 344
523247 523287 227
510129 510208 240
265296 266315 332
626133 626244 341
216051 220086 386
26904 58904 340
543993 544005 196
770961 771499 344
916143 916381 339
244476 244745 244
309211 309242 234
521257 523033 333
343258 353531 441
451354 452028 294
28379 98263 351
842601 844321 388
587623 587954 328
561365 564885 359
540978 541304 253
851630 851789 264
647967 648596 279
446035 452269 387
108173 113281 323
238138 238937 275
246434 248678 350
555013 557888 390
277085 280484 389
213655 223230 386
61245 106787 354
365608 366604 335
72102 91933 351
585405 586718 359
612277 612487 297
97226 101559 341
814390 814399 225
417327 418400 343
215892 224395 386
13644 50578 324
677118 680261 380
793074 795996 375
495651 495728 320
124418 131362 344
250908 253461 319
911299 912157 383
135964 136078 238
53700 93918 351
533520 535944 346
694076 694119 199
552547 553014 315
787081 787308 300
657752 658995 398
301318 301556 265
572882 573823 359
559783 559783 134
274480 274562 239
897135 899293 370
8357 24937 282
153044 153138 233
226746 226759 200
851678 852138 326
379693 380832 379
