1 10 20
100 200 125
201 210 89
900 1000 174
881562 986194 507
198705 731774 509
714878 781131 468
701088 991202 525
99382 884420 525
269158 928264 525
820524 890106 525
769230 783099 437
345290 716554 509
660087 952098 525
847815 869947 419
738617 883602 525
52287 347008 443
455842 632888 509
998440 999241 396
902280 961795 507
622101 820415 509
250279 291825 407
870580 881581 432
273133 881955 525
73185 220875 386
55244 984048 525
929431 977222 507
283815 741072 509
551633 598604 434
885666 919640 476
892212 993511 507
724602 741498 424
489534 888242 525
198839 878435 525
746810 781501 468
328907 882873 525
777887 955508 525
695873 733011 504
231971 477456 449
14767 894951 525
391029 570806 470
21135 445266 449
739222 987737 525
606351 646749 509
784598 805215 468
406242 777737 509
284628 678230 509
280743 655708 509
854494 870877 388
982606 992795 427
981417 998337 440
426500 587988 470
586701 949459 525
996280 998920 440
632604 850676 525
611793 734447 509
5155 221507 386
879877 946617 507
223631 438140 449
587091 825675 509
567298 864442 525
308703 811429 509
939197 974681 507
618441 674231 509
674411 675728 367
43122 64246 340
405584 694956 509
345937 501409 449
918661 942929 507
823166 898667 525
776514 911505 525
138504 176556 383
943234 971992 458
505055 902262 525
44350 927200 525
28209 668349 509
863766 976949 507
382557 960103 525
264277 610345 470
924251 995640 507
538664 882755 525
487218 667601 509
1675 810697 509
327469 429316 449
380281 997184 525
438647 962218 525
906741 969555 507
982024 997458 427
596004 611463 403
965984 993351 458
503082 936314 525
485647 860216 525
141358 644097 509
101588 630922 509
816567 935942 525
212242 761244 509
674425 690798 398
633987 982404 525
365990 447314 449
