1 10 20
100 200 125
201 210 89
900 1000 174
250 2500 209
5000 6000 236
7 46 112
8000 20000 279
1 1000000 525
20 40000 324
153789 236389 443
567345 830583 509
799666 640619 504
714814 733394 411
466919 924928 525
116505 954403 525
187223 522212 470
507708 576197 470
1 1000 179
1001 2000 182
2001 3000 217
3001 4000 238
4001 5000 215
5001 6000 236
6001 7000 262
7001 8000 252
8001 9000 247
9001 10000 260
10001 20000 279
20001 30000 308
30001 40000 324
40001 50000 314
50001 60000 340
60001 70000 335
70001 80000 351
80001 90000 333
90001 100000 333
100001 200000 383
200001 300000 443
300001 400000 441
400001 500000 449
500001 600000 470
600001 700000 509
700001 800000 504
800001 900000 525
900001 1000000 507
12345 678910 509
3 8 17
1 1 1
1000000 1000000 153
1 2 2
360332 431498 449
745441 70301 509
120263 477862 449
278665 583046 470
788846 44341 509
533378 524384 408
452679 739795 509
931437 232964 525
282671 322941 389
516458 18664 470
706257 260498 509
732380 440396 509
864728 935244 476
948890 757921 525
366731 990619 525
981485 860143 507
570284 926764 525
748446 723748 424
733052 290136 509
380443 1939 443
384728 167087 443
139240 584507 470
633865 635835 416
248494 723716 509
968811 233277 525
869746 514032 525
872913 274676 525
506169 221135 449
639038 10417 509
696165 175113 509
953427 728047 525
406807 851299 525
153303 502328 449
810913 533634 509
722068 220574 509
773467 768697 393
43285 271941 443
28676 665130 509
142489 450693 449
625640 452859 470
695371 376175 509
108140 599388 470
794107 217108 509
426427 954342 525
587891 484497 470
665139 84560 509
465500 781390 509
746128 846328 525
692531 677223 442
