1 10 20
100 200 125
201 210 89
900 1000 174
1 1000000 525
10 1 20
200 100 125
210 201 89
900 1000 174
1000000 1 525
10 10 7
9 10 20
10 9 20
1 1 1
2 2 2
106 176 125
176 256 128
21 24 16
7 29 112
1 100000 351
100000 200000 383
200000 300000 443
300000 400000 441
400000 500000 449
500000 600000 470
600000 700000 509
700000 800000 504
800000 900000 525
900000 1000000 507
1000000 1000000 153
837999 838000 145
297534 866070 525
583935 584373 372
3527 66414 340
600 450 142
546865 349251 470
769316 770168 393
30887 89384 351
25100 24910 233
8000 9000 247
3527 66414 340
523226 523283 227
797992 119710 509
1 22 21
333 4444 238
55555 666666 509
1337 1337 45
123456 234567 443
345678 456789 449
567890 987654 525
876543 765432 525
654321 1 509
687 5309 238
1302 3600 217
7738 3716 262
