1 1000000 525
1000000 1 525
11 40000 324
12 60000 340
30000 60000 340
35655 52527 340
35656 52526 314
35657 52525 314
35658 52524 314
35659 52523 314
152122 180292 383
600421 842950 525
400231 800249 509
600000 750000 509
500000 1000000 525
900000 1000000 507
564156 633162 509
682532 797927 504
476867 242558 449
232885 683677 509
704745 155016 509
224960 332927 443
541505 871286 525
651050 707920 504
494047 275069 449
394319 805351 509
483829 36713 449
79011 419619 449
220025 263482 443
261073 94712 443
134103 972813 525
814475 286958 509
747464 712531 424
264513 221144 443
641914 577631 509
264166 535665 470
21172 115905 354
950256 310011 525
814349 64187 509
897846 861244 445
31301 946013 525
341974 393087 441
654658 944545 525
764237 338119 509
45599 910801 525
469324 23552 449
834590 130714 509
115751 940313 525
503131 635581 509
812458 417424 509
958208 486298 525
116713 707315 509
428259 883941 525
650405 841382 525
886299 956021 507
193739 37746 383
242412 71038 443
595058 516590 452
295084 391315 441
978122 902548 507
589692 808218 509
612228 624082 447
669265 953481 525
157516 593365 470
782074 335919 509
445883 579791 470
785878 240814 509
709838 816718 468
50000 50001 128
50001 50002 53
50100 50200 234