1 10 20
100 200 125
201 210 89
900 1000 174
50 250 128
900000 999999 507
2999 5000 238
333000 500000 449
500 500 111
80000 700 351
344998 890088 525
2342 5666 238
23234 43432 324
111 222 125
800099 899999 525
234 567 144
99876 98699 328
10 20 21
20 21 8
90 100 119
5 25 24
90000 99999 333
299 500 144
33300 50000 324
50 50 25
8000 70 262
34499 89008 351
234 566 144
2323 4343 238
11 22 21
80009 89999 333
23 56 113
9987 9869 242
3443 34344 311
4324 23234 279
232000 555000 470
2334 9879 262
12123 32324 308
98 888 179
1324 4322 238
12344 65554 340
40000 87000 351
98766 23243 351
122222 211111 383
3333 4444 238
1 300 128
999999 999000 396
88880 88880 134
12321 23432 279
33 44 110
1 3 8
