1 10 20
100 200 125
201 210 89
900 1000 174
111 10000 262
55555 999999 525
1 1 1
10000 1 262
99999 999 351
200 201 27
2 1 2
1000 999 112
999 1000 112
2 22 21
20000 200005 383
2034 2157 170
193 5976 238
92374 49603 351
8475 5906 262
19456 69708 340
29385 39485 324
203944 495060 449
29349 29304 179
259066 304955 407
48599 48599 159
29384 59607 340
99394 99395 98
29304 30495 272
99834 99999 227
100000 100001 129
3905 3950 189
39444 49555 314
30293 39405 324
10399 19304 279
49503 39485 314
9485 84958 351
93845 85930 333
938104 384955 525
938495 847588 476
9384 8458 260
18394 29384 308
39204 30495 324
3333 33333 308
9999 99999 351
19384 183940 383
194055 596040 470
1049 1321 182
123 1234 182
1324 14235 276
10596 10456 193
101 110 114
110 101 114
132 1334 182
1334 132 182
