1 10 20
100 200 125
201 210 89
900 1000 174
1 1000000 525
323 1212 182
5047 45745 324
48458 69676 340
6796 99999 351
569569 232334 470
96734 354545 443
64531 987709 525
551 347458 443
96 98989 351
78089 67676 351
465549 808087 509
909090 979797 507
122345 58532 354
6676 12 262
1 457 144
4523 686585 509
74545 686967 509
565 58546 340
348358 343436 441
6 6 9
458696 232312 449
10304 437341 449
959592 57867 525
19324 56839 340
21643 658670 509
856943 348291 525
549403 67056 470
166865 141244 383
607954 867969 525
74383 675432 509
654 567 145
8543 8743 203
98 87654 351
987054 87533 525
7644 45678 324
89776 7966 351
22544 980439 525
2399 779459 509
96483 98965 297
28067 507890 449
54243 670678 509
98954 439210 449
99548 318210 443
78956 780548 509
93 672382 509
6783 2 262
568329 6783 470
8337 679338 509
