1 1 1
2 1 2
1 2 2
987987 987987 122
1000000 1000000 153
987987 987988 122
987988 987987 122
2 4 8
2 8 17
2 16 20
2 32 112
2 64 113
500000 1000000 525
1 100 119
101 200 125
3000 6000 238
5500 6000 236
3426 4134 238
555 777 171
1000 2000 182
999999 1000000 259
32769 65537 340
131073 262143 443
2500 7500 262
25000 75000 340
250000 750000 509
970421 970423 153
44293 47513 314
30977 388699 443
1999 700001 509
759037 999983 525
1 1000000 525
1 500000 449
500001 1000000 525
1 250000 443
250001 500000 449
500001 750000 509
750001 1000000 525
1 125000 354
125001 250000 443
250001 375000 441
375001 500000 449
500001 625000 470
625001 750000 509
750001 875000 525
875001 1000000 507
1 62500 340
62501 125000 354
125001 187500 383
187501 250000 443
250001 312500 407
312501 375000 441
375001 437500 449
437501 500000 444
500001 562500 470
562501 625000 447
625001 687500 509
687501 750000 504
750001 812500 468
812501 875000 525
875001 937500 476
937501 1000000 507