503700 625466 470
882008 973841 507
750683 979065 525
169052 819246 509
98349 332765 443
81104 703085 509
139860 642014 509
108062 631799 509
963554 969237 383
585543 939831 525
401896 602312 470
266497 839273 525
98866 333575 443
963229 967258 383
264484 780337 509
107005 249834 443
900345 935168 476
785348 885603 525
839711 990789 507
728384 907010 525
214083 782253 509
604854 688809 509
494510 846221 525
665319 758709 504
214935 808357 509
92922 811372 509
347615 353121 379
834390 994226 525
303854 640186 509
534 875571 525
209980 823652 509
527398 920988 525
920225 964481 507
727770 903991 525
926621 989940 507
999777 999948 259
132387 574482 470
856130 973158 507
224731 243898 443
640621 987470 525
321681 653029 509
419024 645314 509
828709 898605 525
391043 874703 525
274770 336378 389
404411 848956 525
790473 938884 525
909669 957160 507
620518 979047 525
257577 652577 509
729477 899685 525
772304 917046 525
858175 949602 507
626941 960775 525
87789 872793 525
499798 762283 509
830003 901485 525
540623 588560 452
756457 953960 525
428643 472487 444
204011 985150 525
832298 926181 525
841929 860631 419
110347 586985 470
840592 957465 507
595703 610395 403
702696 975106 525
778353 791850 437
897658 997289 507
593463 902158 525
734654 874924 525
