1 9 20
100 200 125
201 210 89
900 1000 174
1 1 1
9 9 20
1 50 112
1000 5000 238
8 9 20
514167 655615 509
420849 608251 470
783285 955552 525
60272 175201 383
221474 834459 509
142067 824069 509
224597 740577 509
34567 34568 174
380288 832556 509
15348 553638 470
388868 556676 470
46982 886170 525
163788 416146 449
172215 486373 449
658506 879040 525
237166 319614 407
8165 625935 470
90028 2363 351
20060 68691 340
13927 97764 351
83427 80541 320
55737 89173 351
95369 5212 351
56430 2568 340
21531 65783 340
65124 22863 340
3136 74068 340
79803 13930 351
23059 34023 308
98168 33070 351
18457 61394 340
78043 75012 351
77374 76230 351
44920 84422 351
98538 13785 351
94325 75199 351
64371 98316 351
3527 66414 340
500014 648711 509
24685 68957 340
167825 346857 443
