1 10 20
100 200 125
201 210 89
900 1000 174
1 1 1
1 4949 238
4950 9737 262
9738 11578 268
11579 13025 263
13026 19363 279
19364 22056 274
22057 26801 308
26802 35010 311
35011 44688 324
44689 47146 314
47147 55236 340
55237 55252 185
55253 62955 335
62956 66023 330
66024 74030 325
74031 75657 325
75658 85418 351
85419 95440 333
95441 95949 284
95950 102162 341
102163 108768 354
108769 109361 292
109362 109825 292
109826 120488 349
120489 125546 336
125547 127298 331
127299 138739 344
138740 145447 375
145448 155502 370
155503 165144 383
165145 172009 352
172010 179703 347
179704 189199 365
189200 189892 360
189893 196272 360
196273 207685 373
207686 215588 373
215589 221137 386
221138 223305 355
223306 232975 443
232976 233632 368
233633 243857 381
243858 254782 350
254783 264435 407
264436 276492 407
276493 282762 389
282763 288373 376
288374 291719 389
291720 292051 265
292052 299691 371
299692 304779 371
304780 308592 371
308593 313680 384
313681 317317 353
317318 330642 384
330643 343647 366
343648 351064 441
351065 357613 379
357614 372179 410
372180 379139 423
379140 386557 379
386558 394768 436
394769 402931 387
402932 405689 405
405690 406179 361
406180 418089 449
418090 421679 343
421680 427065 418
427066 429117 374
429118 446600 400
446601 447252 325
447253 462145 444
462146 477525 413
477526 494307 426
494308 497377 351
497378 505569 426
505570 521693 470
521694 532211 408
532212 536189 377
536190 547245 452
547246 548304 377
548305 568364 421
568365 586400 434
586401 589028 328
589029 603887 403
603888 615144 447
615145 616168 372
616169 632311 509
632312 636705 416
636706 646624 416
646625 676606 442
676607 678404 336
678405 708464 504
708465 736918 424
736919 773552 468
773553 787745 437
787746 802768 468
802769 865712 525
865713 886007 432
886008 999999 507
