1 10 20
100 200 125
201 210 89
900 1000 174
1 5000 238
161095 837869 525
794776 924141 525
908799 992050 507
220206 485917 449
265790 681713 509
865926 880639 432
340476 371504 441
815740 994146 525
342453 435761 449
367468 960603 525
831237 836537 388
681336 723594 504
278786 659064 509
931249 935049 414
794211 822784 468
490531 685527 509
123556 985236 525
273967 890677 525
683741 804540 504
859366 939744 507
455598 808799 509
332017 493129 449
197699 667331 509
855364 958788 507
186932 861835 525
274489 749409 509
860329 871948 432
682480 917867 525
530829 739583 509
268290 785805 509
943684 993774 458
291898 626936 509
443605 486663 444
751445 758237 424
179342 257927 443
267825 956992 525
212413 695928 509
247077 327766 407
25910 948068 525
5501 758025 509
836308 917168 525
38643 210105 383
753143 923095 525
9824 197064 383
853189 949058 507
513968 789338 509
500686 713075 509
188747 602071 470
442240 590777 470
607893 697932 509
839811 975995 507
348539 378382 423
660310 844034 525
498917 543294 470
212786 298806 443
760436 880822 525
35265 58394 340
823079 984952 525
199563 725331 509
96810 637410 509
674040 970790 525
856339 930845 476
238287 533270 470
139039 271521 443
452846 871570 525
227734 552526 470
305451 359740 441
901159 944160 507
917513 977519 507
80866 712124 509
393068 884820 525
931254 952465 507
729697 787599 468
17101 459001 449
198229 744683 509
998860 999308 396
109713 578267 470
491089 744782 509
161401 929116 525
831619 929486 525
159532 188749 370
996841 998708 440
607900 997210 525
563952 871818 525
799165 822736 450
233083 866481 525
54259 285557 443
153267 329943 443
230927 674839 509
858724 881523 432
980524 999283 440
977000 994484 427
964625 966025 321
276016 849690 525
17954 691517 509
