239855 396742 441
23978 47687 324
600931 738854 509
65448 121814 354
82485 105752 341
319132 506175 449
55759 288783 443
584227 616218 447
15811 26418 282
12712 430892 449
244121 916261 525
198849 787184 509
21502 102170 351
1506 3872 238
34191 213495 383
151956 232440 443
468389 884304 525
621510 929813 525
1146 107810 354
187559 337570 443
663579 818582 504
28929 813173 509
394784 906869 525
133669 302517 443
548685 758478 509
193653 544310 470
21411 76396 340
401882 832100 509
456073 980413 525
200446 224032 386
536755 775348 509
41735 532839 470
504003 716358 509
9283 77851 351
123356 604606 470
692145 893691 525
693888 739677 504
25258 485044 449
76391 344381 443
421482 534877 470
476090 533956 470
602862 833788 509
32385 63038 340
149278 531127 470
683413 739382 504
226205 646237 509
6026 299445 443
99179 895127 525
173259 188237 365
560487 653048 509
17063 87209 351
108696 456852 449
427476 684523 509
56562 246566 443
153980 177280 383
433348 575490 470
320672 331938 384
489090 787767 509
14596 867726 525
159723 268265 443
171891 877932 525
170224 175200 347
161518 191874 365
15079 91915 351
630006 859189 525
116240 614577 470
312136 403645 441
657137 790591 504
267739 948570 525
426930 762181 509
33269 102204 351
56855 816305 509
490927 506085 426
242938 302344 407
78726 273418 443
741871 885011 525
844418 870428 419
34763 192989 383
654062 672520 442
233075 350010 441
369559 480809 449
345458 570225 470
467557 587743 470
311331 749239 509
199918 249754 443
475496 503439 426
599663 886487 525
279848 290297 389
1903 74166 340
333211 619455 470
779977 862941 525
39738 71309 340
305727 961319 525
318431 873999 525
13574 166206 383
5580 98900 351
148841 529730 470
358241 410167 449
168684 338323 443
52661 488944 449
