1 10 20
100 200 125
201 210 89
900 1000 174
375579 595672 470
923093 771858 525
488258 50941 449
789760 321258 509
262589 990118 525
638454 584307 509
130225 451763 449
976253 895310 507
278641 298761 389
445142 329929 449
568068 390595 470
359489 163087 443
843873 85887 525
513202 929523 525
609309 345771 470
158847 164287 370
777700 730277 468
945555 552642 525
602707 351189 470
219423 375136 443
197678 576447 470
665512 726946 504
690311 67237 509
192054 723883 509
76494 332962 443
836131 439665 509
224480 855889 525
834998 641039 504
961658 740550 525
990703 351235 525
912179 270971 525
339828 5815 443
964874 324073 525
853587 368739 525
236972 718505 509
681658 115268 509
666371 135853 509
595797 961965 525
486268 865274 525
444534 573689 470
72680 416070 449
491510 941407 525
131694 975530 525
516509 666978 509
331529 694912 509
667258 547289 509
680144 142751 509
91794 475695 449
920723 738394 525
907279 202334 525
113506 417111 449
583377 844300 525
26496 231515 443
653910 941967 525
764756 593245 509
555396 925175 525
476160 872 449
909743 413070 525
42260 436158 449
967168 743722 525
739859 43402 509
969604 600494 525
410027 670384 509
105272 175255 383
699541 242254 509
243479 541049 470
809011 598560 509
820743 421126 509
703055 118702 509
406416 218018 443
441654 544344 470
69709 592206 470
943224 977272 458
562250 15692 470
491952 641911 509
164713 448012 449
717331 782816 468
378484 525996 470
450276 739412 509
414583 401070 449
