1 9 20
1 99 119
96 98 119
97 97 119
850 999 179
837798 837800 525
837798 837801 525
1 837800 525
153044 153138 233
893 983 174
45 765 171
657 2546 209
111 222 125
213 1241 182
77 777 171
789 1231 182
36328 77085 351
128 256 128
253 29 128
280 84 128
786 419 171
271 382 144
330432 154017 443
499703 5657 449
742301 547923 509
189624 147477 383
634696 820147 504
377205 434719 449
495345 956557 525
967639 483321 525
18612 689609 509
756774 162139 509
482799 451901 444
720111 289829 509
266737 999471 525
411075 501735 444
679146 718140 504
848483 282524 525
126908 184160 383
981708 80294 525
303836 297535 371
725738 560252 509
848233 454469 525
725985 896430 525
408210 681550 509
5247 22445 279
797410 14183 509
638081 978831 525
476362 486241 413
237039 413326 449
225043 957041 525
58737 751263 509
392957 716471 509
489413 158042 449
742248 744675 318
54069 105368 351
349873 147276 443
309867 999711 525
46698 904323 525
833945 124454 509
440147 630145 509
335573 113567 443
251035 320529 407
757074 148507 509
420335 171504 449
403889 702179 509
205770 241789 443
62017 638235 509
514133 771562 509
334912 504270 449
664429 276097 509
245707 230634 381
