117981 114871 349
103855 37587 351
447869 447046 325
122215 114183 349
103508 33724 351
58315 1890 340
66115 34416 340
12491 9631 268
70804 68965 312
602380 598089 403
615835 613515 447
6421 67267 340
487230 487558 227
18877 33975 308
99995 41857 351
22162 24215 282
28055 23689 308
52530 8196 340
21294 6836 279
70821 48803 340
235933 231173 381
19159 28415 308
55 84316 351
121049 113707 349
22121 3774 279
934862 934343 295
67577 11553 340
88579 82725 333
89601 22718 351
53368 48376 340
933622 932341 370
111201 45326 354
221457 219897 355
63182 101399 351
74498 61896 330
47927 60443 340
743737 742964 318
451610 452349 294
380609 379728 379
22203 113108 354
18753 61032 340
21533 84462 351
89772 55585 351
97451 101457 341
41373 43109 288
9019 70302 340
109462 94214 354
222156 225453 368
70275 30736 340
18201 16624 279
756678 757199 349
87325 46368 351
592967 600286 372
81021 34671 351
495819 496856 320
685183 685418 354
65443 59445 335
14804 102167 351
27150 90167 351
69535 79104 351
92092 32887 351
799597 799388 256
87960 671 351
92002 45456 351
90109 32687 351
631312 631437 235
82767 112695 354
99900 95557 328
72308 87176 351
108301 100253 354
95624 89683 333
36144 52843 340
35449 109894 354
142417 148137 375
446459 446353 263
20338 18954 274
33069 92083 351
524705 524423 364
116637 119194 336
597549 601234 372
53614 76788 335
99404 102462 341
13227 86665 351
63387 14969 340
108400 91495 354
105548 11478 351
88425 22554 351
104095 73886 351
355 81466 351
57489 88627 351
235112 230313 443
86412 88805 333
364077 365599 361
41029 26386 324
77907 26679 351
59596 81367 351
381423 382600 374
77147 35146 351
74292 73758 263
