1 10 20
100 200 125
201 210 89
900 1000 174
1 1 1
1 2 2
2 1 2
1 999999 525
567 892 179
789 1231 182
451243 451245 87
451243 452873 294
451243 467901 444
999231 999123 321
998231 999231 396
999993 999999 259
245134 763192 509
28082 416721 449
377598 199767 443
234383 817337 509
891040 717431 525
433881 148427 449
515085 985208 525
300660 660953 509
544957 120303 470
338891 424830 449
114463 23424 354
469026 839152 525
287565 426179 449
122905 389592 443
255244 796830 509
630818 399473 509
579548 543392 452
240487 912406 525
747432 542364 509
260040 501745 449
539597 742155 509
441385 417800 418
865264 847395 419
74567 272123 443
507301 490094 426
269016 641365 509
