1 10 20
100 200 125
201 210 89
900 1000 174
3450 6543 262
3450 6543 262
15000 18000 279
64790 98344 351
5 5 6
200 400 144
150 180 125
10 15 18
1 5 8
3 9 17
10 11 7
150 180 125
700000 800000 504
689000 700000 442
150560 200543 383
765 879 179
950 1000 143
78 80 36
99 100 26
30 35 107
100 115 114
333 444 134
57 76 116
3678 4567 238
10500 12400 268
11111 22222 279
876 999 174
1001 1007 143
900000 978978 507
654 678 145
780 788 122
234 456 144
777 875 179
99 100 26
5 6 6
333333 555555 470
1 260780 443
1 167 122
35 38 22
44 55 113
7890 8890 252
656 7878 262
457 555 142
384 390 121
432 478 129
14500 16600 271
325790 456900 449
556 580 106
444555 666777 509
4560 5690 236
67678 76769 325
11223 22334 279
77664 88775 338
1115 2323 183
7899 8999 252
111 222 125
555 654 145