1 100000 351
100001 200000 383
200001 300000 443
300001 400000 441
400001 500000 449
500001 600000 470
600001 700000 509
700001 800000 504
800001 900000 525
900001 1000000 507
15889 71571 340
90263 160576 383
128742 84770 354
32730 49532 324
11403 184671 383
190925 88851 383
31088 95634 351
37275 19733 324
34195 15234 308
197063 50276 383
238744 278983 407
290297 352455 441
261767 251932 363
346586 202676 443
254513 295824 407
371936 215483 443
260170 323534 407
326372 350464 441
224875 344194 443
362127 372600 392
554260 485924 470
598098 403991 470
433564 513961 470
457514 425059 400
470646 408231 449
468111 430503 444
564150 408958 470
468445 555031 470
408555 542101 470
524669 421979 470
793673 707586 468
634735 697909 442
691024 632130 442
781189 643301 504
637254 680009 442
674980 655337 442
665809 788913 504
782390 653379 504
776919 762576 468
712699 686661 504
849915 839397 419
883446 908094 445
927621 928677 383
822972 934783 525
902456 970111 507
856447 979689 507
921433 859013 476
843447 877478 432
963623 935815 507
812817 872097 525
