30887 89384 351
36916 92778 351
38336 47794 314
60493 85387 351
41422 16650 324
90028 2363 351
20060 68691 340
13927 97764 351
83427 80541 320
55737 89173 351
95369 5212 351
56430 2568 340
21531 65783 340
65124 22863 340
3136 74068 340
79803 13930 351
23059 34023 308
98168 33070 351
18457 61394 340
78043 75012 351
77374 76230 351
44920 84422 351
98538 13785 351
94325 75199 351
64371 98316 351
3527 66414 340
68981 76092 325
41874 59957 340
99171 6863 351
97282 6997 351
20926 2306 279
36328 77085 351
26506 60337 340
21730 50847 324
25858 61314 340
53896 16125 340
546 19583 279
33368 98815 351
90365 15435 351
13751 44044 324
26809 71088 340
47179 17277 324
93585 95789 328
2652 5404 238
12400 92755 351
95061 99933 328
93369 49677 351
10013 47740 324
98587 36227 351
97540 48095 351
3527 66414 340
