1 10 20
100 200 125
201 210 89
900 1000 174
579587 672763 509
214206 730204 509
522072 516077 439
487238 971446 525
298511 207944 443
752934 416020 509
169590 900903 525
455344 886567 525
474151 585483 470
302223 591262 470
90702 297803 443
722394 259972 509
272509 110018 443
562787 48555 470
691213 484926 509
118093 12507 354
315311 239088 407
753498 304429 509
64047 540096 470
943627 256173 525
848357 936607 476
266217 66912 443
357398 40734 443
77206 204250 383
715161 338258 509
928216 741688 525
481240 740108 509
871789 283711 525
956218 979214 458
684683 849459 525
363596 31845 443
491108 430515 444
948565 364199 525
619841 298863 470
394406 692034 509
542217 584624 452
63933 417601 449
960271 966296 414
819928 547330 509
762428 345993 509
896185 937438 476
669102 383457 509
642391 369785 509
338433 518771 470
364649 437590 449
982073 549389 525
236453 235942 337
384656 785052 509
27200 490932 449
674382 311521 509
354408 530015 470
129506 48720 354
800985 910896 525
823053 896046 525
534539 530390 377
819737 64324 509
470282 148401 449
913671 43902 525
981875 550430 525
808864 779008 468
607964 278659 470
923661 592343 525
757204 855352 525
473346 495997 426
225649 346277 443
326640 5665 443
194839 960605 525
200286 860916 525
221138 306015 443
14703 298920 443
191215 224097 386
432919 750847 509
575516 494000 470
387276 313756 441
63835 96138 351

