1 10 20
100 200 125
201 210 89
900 1000 174
300 450 144
40 40 9
6306 50 262
2311 9521 262
4547 2686 238
4561 1732 238
4728 7644 262
3127 1815 217
1044 4548 238
7821 6812 257
3744 8583 262
8496 7889 252
7928 442 262
9521 2717 262
8866 1234 262
400 200 144
9000 9021 141
230 340 144
101 110 114
110 101 114
456 657 145
889 221 179
432 123 144
45 90 116
23 56 113
87 88 31
88 89 31
90 100 119
1 100 119
984 985 50
14 16 18
15 24 21
80 30 116
60 70 108
123 432 144
562 982 179
1 10000 262
61 34 113
56 88 116
20 44 112
12 12 10
86 99 119
1 33 112
34 35 14
87 10 116
1000 1001 143
2000 99 182
1234 4321 238
1 1000000 525
1000000 1 525
40 4000 238
9873 2345 262
2 12343 268
5631 2314 238
44444 55555 340
