1 1000000 525
1000000 1 525
74999 76001 307
75001 75999 307
8691 7134 252
333333 333333 154
900 800 179
2 999999 525
684492 133878 509
524811 520548 364
555698 901369 525
965682 650655 525
535020 962832 525
359274 974921 525
978125 28840 525
147594 239489 443
213453 775112 509
567350 468767 470
485109 156395 449
113791 233826 443
420359 72871 449
399359 349686 436
888241 744008 525
202157 383219 443
727296 202555 509
502263 131204 449
620057 293570 470
856394 1876 525
630653 797864 504
396551 296212 441
369955 525909 470
361947 362111 273
251543 960011 525
371645 474014 449
299064 281686 389
769817 871925 525
847195 63483 525
316172 228697 443
127216 578024 470
415443 40310 449
390095 103352 443
159014 419641 449
112322 52498 354
330559 576628 470
536371 461702 470
612294 47136 470
615810 859136 525
997082 368225 525
776658 613730 509
901901 732994 525
83236 429061 449
930676 4081 525
339193 848588 525
992615 274683 525
257596 890622 525
129493 942220 525
221489 212330 386
906954 72182 525
1998 810547 509
266013 402380 441
587155 525435 452
458068 758632 509
287324 410748 449
307086 744858 509
128062 257868 443
191960 412966 449
248109 926256 525
637501 549140 509
684022 440008 509
285193 75422 443
365665 10384 443
437154 604167 470
473179 540257 470
239604 247728 368
141727 976582 525
49247 373930 443
681973 794091 504
769273 354905 509
