1 1 1
1 2 2
3 1 8
98 102 26
98 103 88
647836 647848 217
345598 358344 441
291729 302353 371
631158 631294 310
642338 645755 354
292284 302353 371
540551 542958 364
746078 747290 349
152672 159486 383
895576 901118 401
924717 924906 308
289554 290750 327
430909 431898 325
682561 687870 398
479268 479482 276
678564 680299 380
98944 113382 354
277378 280574 389
535372 537515 377
892155 901118 401
648199 649384 385
7915 113382 354
981176 981286 321
614740 620970 447
664903 665066 261
877053 882814 401
676359 680299 380
852295 852411 282
448874 453531 387
41799 113382 354
835253 837798 344
938834 939496 339
221118 226765 368
733769 736392 424
855312 856730 388
906371 907063 339
954791 955584 383
48257 113382 354
127528 134378 344
923672 924906 370
875663 882814 432
689949 695066 442
354870 358344 379
598759 604707 403
633751 637056 416
305619 306022 265
722662 723944 380
841232 841725 313
179868 184488 365
258688 268757 407
216409 226765 368
714504 716688 380
45067 113382 354
638537 639309 341
669236 669920 292
625603 626330 341
655586 655960 385
842486 844646 388
369723 376830 423
991245 991934 321
8887 113382 354
451261 453531 369
809954 810813 406
463735 466990 369
532499 537515 377
667606 669920 336
775902 777434 393
824528 827390 375
867727 868990 357
266192 268757 345
668002 669920 323
799751 803870 406
917100 917160 202
362360 363238 273
46233 113382 354
76194 113382 354
712159 713574 411
416807 419838 343
272918 276733 358
380998 382669 374
601707 604707 385
999998 999999 259
999999 1000000 259
