1 10 20
100 200 125
201 210 89
900 1000 174
1 1000000 525
1 1 1
1 2 2
10 10 7
2109 3839 238
92038 129399 354
100 10000 262
12983 82938 351
4567 8953 262
12 15 18
1234 6789 262
97480 99000 297
1900 2000 175
2489 4889 238
31456 98547 351
12576 65489 340
36 70 113
354 890 179
123 678 145
8965 136997 354
878987 999999 507
26758 987000 525
738 3840 238
849 4820 238
592 600 119
567 893 179
34592 34592 143
24592 24599 158
83282 378180 443
156916 350288 443
30350 936847 525
108 4143 238
1964 5770 238
5154 7282 262
15796 45912 324
24 5171 238
61 635 144
249 777 171
324 28209 308
61927 61945 211
806 76335 340
310 378 144
609 964 179
1938 8390 262
544 810 171
57 65 108
10 12 15
27 63 113
17 32 112
220 469 144
32 624 144
4070 7540 262
6601 6626 169
41408 50215 314
51014 64114 340
23837 29478 308
17000 17057 217
7745 29829 308
7 74 116
82 395 144
234 299 128
20 50 112
102 394 144
2093 3920 238
12293 12903 263
103 839 171
1 83 116
9348 9348 61
2948 29838 308
1038 73823 340
3 7 17
