1 10 20
100 200 125
201 210 89
900 1000 174
1 1 1
10 10 7
200 100 125
1000 900 174
1 200000 383
614253 790574 509
579057 691226 509
352016 74576 443
113017 446510 449
114112 767232 509
560947 60230 470
581677 591781 434
182975 516505 470
886679 16836 525
358694 653105 509
290104 284841 389
993544 149915 525
685747 235904 509
699855 430083 509
965128 112218 525
785490 982746 525
812782 341831 509
60929 976308 525
246258 812144 509
454777 346511 449
281338 321185 389
794139 726737 468
199878 525037 470
728942 101526 509
556294 491180 470
247528 191279 443
109858 411463 449
319947 802977 509
69109 800664 509
381161 25548 443
363211 344459 441
670540 461211 509
478786 736449 509
653774 161786 509
759057 969634 525
911311 606104 525
846491 195196 525
235173 914591 525
193741 598774 470
761793 726573 424
889847 853395 445
113950 964179 525
989208 175514 525
197846 678459 509
124688 625999 470
211925 633630 509
161883 629765 509
468356 10422 449
300779 628213 509
526743 927043 525
