751 905 179
39804 43998 306
449568 492746 444
843121 863746 419
4224 4614 215
2342 2773 209
19790 21901 274
933443 948781 507
1589 2899 209
6459 7649 257
56677 63385 335
901849 954379 507
1558 2169 180
45676 49859 314
119679 148609 375
308177 614976 470
3092 3469 199
25494 46459 324
83879 95865 333
706155 811093 468
3884 4211 189
46679 48274 314
455371 485416 444
894424 960681 507
568 954 179
16417 31235 308
72847 125939 354
969903 971412 458
4635 4833 197
32202 49221 324
257025 489840 449
906644 995067 507
4800 4992 210
26268 34992 311
478400 494909 426
989075 989077 215
2225 3927 238
41587 42097 257
493844 494881 351
349508 371883 410
3309 3791 238
28530 31151 272
480345 481913 413
791745 929695 525
4757 4768 197
34838 49350 324
189498 321744 443
374445 502881 449
4671 4743 153
36755 48030 314
393836 431047 449
432730 674932 509
1085 1243 182
9288 11370 268
64815 79175 351
737517 856948 525
2551 3155 217
31018 48062 324
150260 235648 443
220756 353235 443
