100 1 119
1 1 1
45 12 112
1 5178 238
5179 13015 268
13016 22625 279
22626 31577 308
31578 39104 324
39105 40281 306
40282 47567 314
47568 56020 340
56021 58283 322
58284 61116 335
61117 70064 330
70065 73703 325
73704 81855 351
81856 88024 333
88025 99191 333
99192 111176 354
111177 116100 349
116101 124666 336
124667 134933 344
134934 141159 344
141160 145684 375
145685 147236 357
147237 153516 370
153517 162515 383
162516 167775 352
167776 178116 347
178117 183233 365
183234 185583 329
185584 196810 360
196811 202966 342
202967 206057 355
206058 206937 373
206938 212111 355
212112 217428 386
217429 219480 337
219481 226258 368
226259 232973 443
232974 236744 381
236745 239259 350
239260 251451 368
251452 261078 363
261079 265824 407
265825 266920 332
266921 272614 407
272615 277450 358
277451 278285 389
278286 290526 389
290527 295179 358
295180 303051 371
303052 317854 384
317855 320040 353
320041 321061 371
321062 336812 384
336813 349288 441
349289 351133 366
351134 362811 410
362812 368990 361
368991 377545 423
377546 383368 379
383369 395940 436
395941 396577 330
396578 401594 387
401595 408279 405
408280 411157 449
411158 414455 374
414456 430274 418
430275 431833 325
431834 435360 387
435361 448436 400
448437 467558 444
467559 489935 413
489936 492155 320
492156 498436 426
498437 523247 470
523248 526157 408
526158 542084 408
542085 551665 452
551666 578050 421
578051 586403 434
586404 602005 403
602006 607643 372
607644 632732 509
632733 678048 442
678049 714809 504
714810 753496 424
753497 788634 468
788635 825495 468
825496 833182 419
833183 898428 525
898429 999999 507
