1 10 20
100 200 125
201 210 89
900 1000 174
1 1 1
1000000 1000000 153
800000 900000 525
27 27 112
837799 837799 525
400 500 142
500 600 137
700 1000 179
1001 2000 182
1 1000000 525
999999 1000000 259
888888 999999 507
777777 888888 525
666666 777777 504
555555 666666 509
444444 555555 470
333333 444444 449
222222 333333 443
111111 222222 386
1 111111 354
1 50000 324
50001 100000 351
100001 150000 375
150001 200000 383
200001 250000 443
250001 300000 407
300001 350000 441
350000 400000 436
400001 450000 449
450001 500000 444
500001 550000 470
550001 600000 434
600001 650000 509
650001 700000 442
700001 750000 504
750001 800000 468
800001 850000 525
850001 900000 445
900001 950000 507
950001 1000000 458
1 100000 351
100001 200000 383
200001 300000 443
300001 400000 441
400001 500000 449
500001 600000 470
600001 700000 509
700001 800000 504
800001 900000 525
900001 1000000 507
