1 1 1
10 10 7
100 100 26
1000 1000 112
10000 10000 30
100000 100000 129
999999 999999 259
500000 1 449
50000 1 324
5000 1 238
500 1 144
50 1 112
5 1 8
1 2 2
12 34 112
123 456 144
1234 5678 238
12345 67890 340
9 8 20
98 76 119
987 654 179
9876 5432 262
98765 43210 351
111 222 125
333 444 134
555 666 145
777 888 179
1 999999 525
999999 500000 525
500000 250000 449
250000 125000 443
125000 61250 354
61250 30000 340
30000 15000 308
15000 7000 276
7000 3000 262
3000 1000 217
1000 500 179
421412 215892 449
21051 12580 279
12512 5250 268
25151 325732 443
1241 42189 324
242 4221 238
5698 125815 354
512 545 137
17 76 116
1136 982017 525
1010 101010 351
1 10 20
1 100 119
1 1000 179
1 10000 262
1 100000 351
1 999999 525
100 200 125
201 210 89
900 1000 174
213 1241 182
21510 7498 279
21 87 116
18 86 116
20 17 21
5 187 125
1 3 8
1 4 8
1 5 8
1 6 9
1 7 17
1 8 17
1 9 20
77 777 171
747 13 171
2187 12412 268
13579 24680 282
1 10 20
100 200 125
201 210 89
900 1000 174
50 250 128
900000 999999 507
2999 5000 238
333000 500000 449
500 500 111
80000 700 351
344998 890088 525
2342 5666 238
23234 43432 324
111 222 125
800099 899999 525
234 567 144
99876 98699 328
10 20 21
20 21 8
90 100 119
5 25 24
90000 99999 333
299 500 144
33300 50000 324
50 50 25
8000 70 262
34499 89008 351
234 566 144
2323 4343 238
11 22 21
80009 89999 333
23 56 113
9987 9869 242
3443 34344 311
4324 23234 279
232000 555000 470
2334 9879 262
12123 32324 308
98 888 179
1324 4322 238
12344 65554 340
40000 87000 351
98766 23243 351
122222 211111 383
3333 4444 238
1 300 128
999999 999000 396
88880 88880 134
12321 23432 279
33 44 110
1 3 8
1 10 20
100 200 125
201 210 89
900 1000 174
765952 279063 509
563496 401330 470
814955 610744 509
491425 424201 444
780590 735994 468
728021 445751 509
969148 200835 525
653181 163985 509
963255 472991 525
931720 925201 476
275795 82135 443
582003 326483 470
834687 559659 509
535830 202382 470
568332 79489 470
269549 130858 443
809703 255654 509
691770 66234 509
485185 131610 449
917116 355060 525
470491 320385 449
857877 840233 419
806877 116828 509
819871 292748 509
701209 274673 509
625614 37647 470
61603 78646 351
862672 588175 525
485691 36590 449
548568 321631 470
841241 766078 525
845894 105535 525
756495 236479 509
927992 158530 525
361689 38195 443
841240 761870 525
789236 684413 504
985543 580781 525
750778 527566 509
777701 398555 509
278144 21325 443
770694 222984 509
686987 108425 509
974442 689692 525
838012 714262 525
697589 461418 509
688544 212282 509
694890 144833 509
875742 430423 525
874303 219699 525
947894 12020 525
144664 6008 375
826156 285565 509
679632 608520 509
990449 739161 525
971915 296278 525
747796 591337 509
815799 328920 509
697204 661242 442
741551 198024 509
494929 76384 449
647083 471931 509
839995 33849 525
743519 430816 509
544457 434685 470
872716 366283 525
718502 343894 509
300962 162701 443
784919 676874 504
904143 504620 525
821711 378435 509
776339 289373 509
257311 187092 443
582577 501027 470
909448 714189 525
77468 99322 338
