1 10 20
100 200 125
201 210 89
900 1000 174
3 10 20
10 15 18
15 20 21
555 5555 238
300 865 171
900 1200 182
8500 8900 216
1 2 2
50 52 25
3 7 17
7 19 21
5600 64000 340
8904 64506 340
110 115 114
6512 9875 260
642 875 179
65462 549872 470
8775 67821 340
1241 8765 262
542 6754 262
23 27 112
164 210 125
122 675 145
546 875 179
234 456 144
11 64 113
50 50 25
5654 7879 262
24 65 113
22222 33333 308
546487 897653 525
6575 54688 340
234 5679 238
567 3249 217
32456 89796 351
2215 2234 183
1024 3026 217
40 64 113
8 1024 179
63 64 108
7 15 20
645 5799 238
549 2348 183
22 6489 262
216 5467 238
21 678 145
1 1000000 525
