1 1 1
4407 2970 238
3296 3314 168
3189 1275 217
717 1322 182
221 2568 209
1830 3840 238
1253 3507 217
3345 334 217
3549 33 217
2714 3172 217
1318 3094 217
2179 1178 180
774 3693 217
3699 4821 238
4282 1173 238
3714 4873 215
903050 579905 525
702899 197624 509
589934 730338 509
897098 389159 525
544448 550592 452
906909 508510 525
872112 664661 525
786467 260202 509
293582 149955 443
19645 586696 470
644714 228053 509
237296 550558 470
685414 43440 509
229742 235680 443
481944 806064 509
633495 250306 509
560424 592601 434
207341 519659 470
842536 307495 525
68656 767458 509
523356 271562 470
219051 10318 386
329726 491609 449
72523 673725 509
560326 334995 470
308994 737429 509
983289 943785 458
129947 761906 509
284544 452218 449
352202 68139 443
90752 239162 443
240524 461065 449
407334 938932 525
778675 618864 509
233909 961695 525
689782 67206 509
85165 173750 383
594699 7243 470
531250 756754 509
195722 957586 525
663149 541883 509
466118 797339 509
432346 565083 470
354852 614319 470
678845 925158 525
17352 76977 340
340790 951635 525
957254 10545 525
628766 570481 509
502798 669304 509
194907 344676 443
286581 41854 443
829765 708598 468
708195 556390 509
634686 362333 509
687121 214702 509
477606 595605 470
261743 731967 509
243157 833228 509
957357 108742 525
773250 21484 509
458754 336097 449
590929 375853 470
371291 598839 470
50454 86356 351
756772 945607 525
546128 623325 452
868337 511018 525
58330 993799 525
28324 869904 525
380827 83453 443
136439 233302 443
504961 637870 509
891715 53334 525
214345 289879 443
43483 800772 509
555998 997362 525
128971 21680 354
478285 522151 470
966714 612310 525
753574 686892 504
648069 860648 525
843346 763179 525
