1 1000000 525
1000000 1 525
837799 837799 525
1000000 1000000 153
1 2 2
1 500000 449
500000 1000000 525
1 837798 509
1 1 1
2 2 2
4 4 3
8 8 4
16 16 5
32 32 6
64 64 7
128 128 8
256 256 9
512 512 10
1024 1024 11
1337 1337 45
1000 2000 182
10000 20000 279
30000 50000 324
50000 80000 351
70000 110000 354
900000 1000000 507
999999 1000000 259
1000000 999999 259
50000 49999 128
500000 499999 258
999999 2 525
1000000 837800 507
900000 837800 445
433 475 129
497 5311 238
5913 6117 187
6719 6923 226
7129 7331 195
8337 8941 234
891 1441 182
2332 3773 238
6105 9878 262
159713 258421 443
418134 676555 509
10946 17711 279
28657 46368 324
75025 121393 354
196418 317811 443
514229 832040 509
832040 1000000 525
24689 41012 324
31418 21520 308
231929 414357 449
910323 323019 525
