1 10 20
100 200 125
201 210 89
900 1000 174
10 1 20
99999 200000 383
99950 231344 443
103590 308323 443
2 5 8
999998 999999 259
215381 905873 525
524825 634322 509
540989 923784 525
178559 661496 509
253469 774666 509
206558 563628 470
68910 127504 354
517502 25021 470
807780 577348 509
632205 770709 504
101617 777625 509
701232 151142 509
905561 274403 525
515959 3085 470
401411 976725 525
957285 937840 507
50204 3057 324
972234 26581 525
541437 208315 470
113633 961247 525
591290 387859 470
431026 656960 509
906671 955683 507
615842 433155 470
38515 164792 383
852768 431259 525
326327 600492 470
793725 18606 509
720384 188509 509
200022 370396 443
588335 143467 470
590947 959567 525
401357 116555 443
725480 776978 468
838841 474319 525
976843 321798 525
667209 839939 525
37065 188538 383
574478 715678 509
826735 99024 509
682386 389058 509
491639 534456 470
991757 724823 525
195920 194600 360
226870 948001 525
334361 694098 509
503842 428218 444
827444 849848 525
186938 838939 525
874261 409950 525
