1 1 1
1 1000000 525
1000000 1 525
92 31 116
67 52 113
94 34 116
37 81 116
91 64 116
93 54 116
59 1 113
44 60 113
7 83 116
98 21 119
253 29 128
280 84 128
531 625 137
12 835 171
726 55 171
982 41 179
17 809 171
786 419 171
378 862 171
271 382 144
3470 4472 238
3295 1206 217
3116 707 217
837 7951 262
1236 4210 238
68 9797 262
5994 5076 236
620 2561 209
359 2482 209
7446 5247 262
59115 25907 340
83772 54543 351
64970 34202 340
20037 51678 324
77446 22477 351
84031 15525 351
75575 51572 340
3002 93984 351
322 78123 351
12401 93770 351
112304 889608 525
53468 652997 509
48596 218064 386
779881 856148 525
926021 211217 525
576941 442053 470
735005 7297 509
494275 739599 509
164044 133204 383
398579 593706 470
