1 1 1
999900 999999 259
1 1000000 525
614958 612796 310
146436 145628 295
462827 461476 369
868412 867806 313
753953 752941 424
953831 951448 414
922378 920152 339
704038 702258 380
801573 800854 393
266056 264102 332
825257 822872 375
488580 486475 382
799418 797652 375
631260 629042 341
392982 390873 361
258574 257194 332
770725 769840 331
608244 607928 403
731173 730623 318
536318 535074 302
21981 21708 269
105436 103055 341
757933 755751 362
437723 436844 387
776739 775229 331
306829 304574 309
616318 615961 372
879494 877454 357
610070 609120 341
212699 209782 355
653482 653333 248
32941 32899 267
439696 438814 325
482640 482580 245
215385 213222 373
192629 190877 329
516465 516031 271
104620 101810 310
18714 18469 261
724665 724034 274
454184 452173 369
773219 771898 393
818201 818179 269
462249 462156 351
923846 921394 445
901597 900626 401
864796 863883 326
275726 273580 358
275844 273004 358
245961 244451 319
881089 878734 357
403291 400819 387
253886 251037 332
896151 895113 339
175749 175380 272
726745 723973 362
214488 211958 373
195747 192794 360
983200 981181 383
462756 461182 444
