1 10 20
100 200 125
201 210 89
900 1000 174
1 1 1
1 2 2
2 1 2
1 500000 449
1 1000000 525
500000 1000000 525
1000000 1 525
1 50000 324
101 200 125
200 101 125
3423 124215 354
8294 532 262
102 343 144
999999 1000000 259
1000000 1000000 153
1000000 999999 259
77000 298328 443
535353 535352 121
51123 51123 128
8000 9000 247
8000 9001 247
999000 1000000 396
999001 999999 396
89 88 31
42252 358232 443
53525 38255 340
879879 789899 525
258252 868686 525
22 535255 470
52525 88888 351
1111 2222 182
11111 22222 279
111111 222222 386
333333 333343 260
898989 888989 370
10001 10086 211
25244 388821 443
2 999999 525
3 999999 525
999999 4 525
86000 68533 351
75252 22242 340
444 666 145
444 222 144
969696 979797 458
1234 5678 238
4321 98765 351
67676 90901 351
111111 999999 525
222222 999988 525
435 83755 351
3252 58732 340
28395 832752 509
9995 992652 525
88252 879790 525
5251 523546 470
