1 10 20
100 200 125
201 210 89
900 1000 174
537682 789959 509
915287 756043 525
591490 487658 470
209133 780738 509
628091 254140 509
769413 927289 525
667153 229290 509
616982 43177 470
295109 401250 441
16614 747350 509
546778 43314 470
340185 789264 509
10260 631938 509
119537 92934 354
165846 831989 509
895071 27787 525
460056 79980 449
82094 304819 443
361877 260534 441
575076 88894 470
241604 892883 525
775274 941657 525
286457 431258 449
985777 222131 525
256510 266731 407
852888 369676 525
343965 91771 443
430341 4323 449
520656 613713 452
421379 565306 470
915720 677050 525
10943 234252 443
247880 269129 407
283655 230095 443
389845 74312 443
529042 803799 509
352596 678652 509
253483 890533 525
395395 511810 449
91065 730724 509
556769 852685 525
471659 893686 525
201175 224877 386
535930 897391 525
448047 347466 449
57453 148849 375
828367 118004 509
13804 949924 525
385053 834639 509
239163 673782 509
795441 383884 509
359945 342711 441
56626 477049 449
55689 747421 509
339645 488391 449
387379 698872 509
516147 425298 470
932866 799907 525
298158 633975 509
172801 224483 386
690761 605205 509
166263 217875 386
256211 521490 470
622923 425664 470
787851 986496 525
521199 39634 470
28445 989740 525
276591 574918 470
38896 678758 509
351559 940874 525
959367 8551 525
239874 398131 441
156524 330504 443
50215 535458 470
793578 181954 509
