1 10 20
100 200 125
201 210 89
900 1000 174
100000 150000 375
400000 800000 509
900000 999999 507
8000 7999 190
10000 10000 30
25100 24910 233
52000 23444 324
11333 21444 279
55555 99999 351
66012 98401 351
1 100000 351
100000 999999 525
21000 22000 269
31000 34000 285
52000 51000 309
89098 89000 302
100 100 26
2 1 2
90 40 116
50 50 25
8000 7500 252
8000 9000 247
50 49 25
22 21 16
9 10 20
11 12 15
6000 7000 262
12123 12312 250
5678 10000 262
12 23 21
34 45 110
56 67 108
901 1001 174
89 92 93
1000 1000 112
55 95 116
1234 2345 183
4567 5678 236
9876 8765 260
1098 1890 182
200 340 144
450 600 142
700 800 171
800 1200 182
2000 4000 238
600 450 142
