1 10 20
100 200 125
201 210 89
900 1000 174
4740 7059 262
4971 9683 262
5993 3081 238
1626 4177 238
6273 1905 262
7850 7891 177
5204 2800 238
1895 7780 262
4763 3164 238
4779 6426 262
4751 1469 238
176 8386 262
5546 3335 238
212 1751 182
1 1000 179
1 1 1
292 5800 238
6564 6810 244
1231 7466 262
7403 2373 262
8869 3682 262
4251 6832 262
6796 1487 262
8665 1214 262
9060 1329 262
9898 3649 262
4086 8619 262
3611 1674 217
2602 9150 262
8162 8570 234
3184 3058 199
866 6264 262
266041 546715 470
491429 574899 470
14692 380317 443
412849 152562 449
470531 466180 413
252497 525701 470
273032 438483 449
234313 19376 443
62732 514444 470
171201 511355 449
369217 509427 449
231413 517827 470
159311 702386 509
168241 819877 509
587806 785454 509
571882 247496 470
72888 860050 525
346676 891174 525
47774 879965 525
41061 978043 525
154245 537212 470
792583 788874 406
445445 527839 470
