1 9 20
9 1 20
100 200 125
1 10 20
100 300 128
832127 832540 282
574755 575610 328
837399 837970 525
120864 121134 274
861356 861622 326
767861 768567 468
331946 332722 353
350767 351296 335
680813 681595 336
689970 690104 336
728063 728997 362
101582 102050 279
521431 521598 240
429069 429937 281
40623 41006 288
976076 976831 383
554331 554431 359
53225 53966 322
23372 24344 282
576859 576873 191
605924 606735 328
600337 600980 297
80712 81500 320
644242 644572 248
527603 527657 196
489767 489802 227
652627 652995 279
332956 333131 335
384937 385050 273
990628 990827 290
914302 914766 277
351075 351790 379
886114 886568 357
824086 824820 326
503746 503816 320
398043 398347 343
12545 12646 263
752091 752583 318
971419 972385 339
531137 531934 346
427157 427286 356
360804 361379 366
407015 407568 268
323759 324286 291
905615 905970 246
751452 751482 318
973384 973574 277
87761 88123 333
356363 356853 317
269985 270677 407
215677 216299 324
758581 759203 243
428223 428288 294
39322 39534 244
542868 543790 359
630537 631186 310
492047 492047 139
232558 233087 293
75600 76496 307
283364 284188 327
34804 34849 205
522494 523473 333
480681 481603 369
372256 372826 242
894634 895602 326
686237 686287 230
959127 959956 352
332478 332605 229
624555 624656 385
727694 728170 318
519757 519871 364
387904 387980 162
204576 204616 205
90023 90197 284
143139 144134 282
486655 487632 382
367538 367853 255
611349 611473 354
240095 240302 288
740618 741073 362
