1 10 20
100 200 125
201 210 89
900 1000 174
546865 349251 470
935409 788136 525
151844 624942 470
424052 438726 400
496358 734488 509
950249 6430 525
669128 605733 509
505868 898561 525
903753 574199 525
511981 190820 470
171911 255135 443
291773 911029 525
422172 970896 525
955363 671551 525
402991 808964 509
780490 745512 468
41668 774728 509
52736 219738 386
117821 681513 509
227853 182280 386
324252 330058 384
763034 608148 509
483358 98926 449
209634 857828 525
86789 315548 443
398292 989414 525
346013 173134 443
170126 412994 449
931492 573960 525
67194 20459 340
242456 972900 525
455733 432863 400
954185 837040 525
64204 839178 525
498437 876023 525
797992 119710 509
61886 874044 525
347283 37601 443
85039 509072 449
650738 53059 509
809212 163257 509
586078 539314 452
923632 830533 525
872216 183315 525
79094 704436 509
5407 539040 470
638347 143917 509
702172 799615 504
854704 293695 525
258068 196076 443
772687 446374 509
167199 305107 443
181112 973926 525
563692 478560 470
828063 506455 509
904521 978357 507
836223 75469 509
48593 789235 509
385738 97429 443
479174 392661 449
637367 487572 509
688538 730758 504
939687 710250 525
329783 294612 384
531468 987476 525
332898 896807 525
979714 691817 525
337403 767388 509
939998 639533 525
186837 635640 509
959772 14166 525
56268 528705 470
98688 188599 383
722071 972812 525
297534 866070 525
