1 10 20
100 200 125
201 210 89
900 1000 174
125948 548574 470
4584 21424 279
53489 53985 260
123853 539855 470
12392 52958 340
8979 14895 276
12387 45982 324
123098 249094 443
35978 53875 340
23009 23085 238
45812 248908 443
123 1000000 525
259823 592929 470
523983 600000 452
668 800 171
24 30 112
178 200 120
1 1000 179
24209 98583 351
59285 109688 354
10203 29492 308
48174 599012 470
13 1250 182
25092 60000 340
7 9 20
2 3 8
367 2323 183
29095 984766 525
275 500 144
2395 45894 324
28512 53858 340
132 9992 262
1093 6992 262
56898 310595 443
1249 485495 449
49842 600000 470
23902 485758 449
2408 21390 279
53598 295857 443
39 1238 182
2095 28672 308
29058 298329 443
569 123123 354
2509 250999 443
600 700 145
1001 2000 182
2034 4000 238