1 10 20
2 200 125
3 64 113
43 567 144
3432 4567 238
70942 441279 449
364512 527844 470
520065 996182 525
345 567 142
711473 886586 525
352147 452399 449
225291 573363 470
133834 579746 470
223983 813394 509
3453 22343 279
748079 874719 525
134895 276714 443
243312 673327 509
514167 655615 509
420849 608251 470
783285 955552 525
60272 175201 383
221474 834459 509
142067 824069 509
224597 740577 509
34567 34568 174
380288 832556 509
15348 553638 470
388868 556676 470
46982 886170 525
163788 416146 449
172215 486373 449
658506 879040 525
237166 319614 407
8165 625935 470
238052 329588 407
349083 585029 470
465129 944419 525
101131 759973 509
250776 455266 449
20959 424182 449
506952 833687 509
178467 393079 443
226525 453445 449
271511 339711 389
380656 625047 470
254395 256501 363
44146 763139 509
550859 998478 525
709843 975231 525
266306 401614 441
133337 980178 525
273131 918390 525
49448 798862 509
409299 580704 470
159632 181129 370
434699 730001 509
520486 664795 509
211782 415882 449
587979 897989 525
2 1024 179
248218 453221 449
42670 711483 509
634052 750170 504
1 512 144
339590 898557 525
566897 799757 509
3 4 8
3824 841255 525
1 1 1

