17 17 13
15 17 18
21 22 16
1 1 1
1000000 1000000 153
10 1 20
100 1000 179
17 40 112
1 1000000 525
1000000 1 525
999999 1000000 259
91000 574 351
1 2 2
500 1000 179
1000 500 179
967754 410524 525
12345 54321 340
805285 614366 509
8 3 17
8 8 4
1997 1995 51
6 13 20
1 9 20
30 12 112
9 1993 182
1995 13 182
1994 1994 51
124 1992 182
199521 1004 383
199621 917 383
2006 1997 144
2208 1995 170
1120 221996 386
199616 1901 383
19911 7719 279
8882 19919 279
6010 19961 279
2020 1212 180
9999 999 262
999 99 179
77777 77 351
1 89 116
420 398 134
4654 65266 340
265610 12498 443
345 121 144
76010 76016 201
91617 299129 443
7174 45261 324
98452 56 351
8888 808080 509
987654 123456 525
123654 987456 525
147852 9632 375
753951 84260 509
