1 10 20
100 200 125
201 210 89
900 1000 174
765952 279063 509
563496 401330 470
814955 610744 509
491425 424201 444
780590 735994 468
728021 445751 509
969148 200835 525
653181 163985 509
963255 472991 525
931720 925201 476
275795 82135 443
582003 326483 470
834687 559659 509
535830 202382 470
568332 79489 470
269549 130858 443
809703 255654 509
691770 66234 509
485185 131610 449
917116 355060 525
470491 320385 449
857877 840233 419
806877 116828 509
819871 292748 509
701209 274673 509
625614 37647 470
61603 78646 351
862672 588175 525
485691 36590 449
548568 321631 470
841241 766078 525
845894 105535 525
756495 236479 509
927992 158530 525
361689 38195 443
841240 761870 525
789236 684413 504
985543 580781 525
750778 527566 509
777701 398555 509
278144 21325 443
770694 222984 509
686987 108425 509
974442 689692 525
838012 714262 525
697589 461418 509
688544 212282 509
694890 144833 509
875742 430423 525
874303 219699 525
947894 12020 525
144664 6008 375
826156 285565 509
679632 608520 509
990449 739161 525
971915 296278 525
747796 591337 509
815799 328920 509
697204 661242 442
741551 198024 509
494929 76384 449
647083 471931 509
839995 33849 525
743519 430816 509
544457 434685 470
872716 366283 525
718502 343894 509
300962 162701 443
784919 676874 504
904143 504620 525
821711 378435 509
776339 289373 509
257311 187092 443
582577 501027 470
909448 714189 525
77468 99322 338
