1 10 20
100 200 125
201 210 89
900 1000 174
50 100 119
10 1 20
1000 5 179
1000 10000 262
20000 50000 324
100000 200000 383
300000 500000 449
500000 999999 525
123 321 131
100 -1 119
1 100 119
1 200 125
1 1000 179
1 10000 262
1 100000 351
1 999999 525
999999 1 525
100000 1 351
10000 1 262
1000 1 179
200 1 125
100 1 119
293456 456293 449
892345 982345 507
999998 999999 259
1 999999 525
237432 372456 441
100001 100999 341
256 258 123
8 16 20
16 32 112
32 64 113
64 128 119
128 256 128
256 512 144
512 1024 179
47562 892334 525
987 1097 169
12 24 21
56 82 116
452312 512343 470
800923 923800 525
512000 601024 452
777777 888888 525
42356 56867 340
900000 910000 445
900001 901000 401
952456 953456 414
612810 810612 509
1 1 1
10 10 7
5000 5000 29
512000 512000 121
742536 742536 212
999999 999999 259
483227 528937 470
