288356 713052 509
13852 18295 279
448078 965188 525
146169 466420 449
442683 454494 387
526847 539096 377
104995 538262 470
201062 801881 509
56642 189208 383
210882 542520 470
849367 982684 507
7844 235168 443
359347 613789 470
137300 683062 509
204501 783941 509
70840 508519 449
618408 763091 509
344441 866939 525
32549 720259 509
321129 561045 470
604148 958945 525
281061 887062 525
201045 376885 443
233094 727335 509
37711 579947 470
94211 481255 449
306742 659806 509
873697 882571 432
78202 125341 354
217342 248840 443
95741 311267 443
168438 647713 509
176021 622487 470
393419 968325 525
151142 476584 449
297600 894610 525
469694 802224 509
78900 533865 470
59617 792526 509
99005 649078 509
698894 810511 504
9366 211055 383
55629 82904 351
326974 754653 509
174963 279541 443
349614 852068 525
263911 759561 509
228529 889283 525
332956 896241 525
223718 966687 525

