1 10 20
100 200 125
201 210 89
900 1000 174
1 1999 182
1001 2000 182
999000 1000000 396
863207 173717 525
560820 237389 470
109418 779832 509
968595 937332 507
471009 513104 470
273637 285710 389
747892 131124 509
76740 903688 525
119212 921371 525
106518 887890 525
681701 953612 525
323814 29166 443
213483 795014 509
718844 174789 509
436004 964998 525
377334 235083 441
419980 875828 525
815554 543196 509
278234 73886 443
348102 299083 441
217162 857549 525
390396 966508 525
42533 960319 525
625614 633552 509
481401 840943 525
230734 566716 470
992385 190408 525
120773 614221 470
804722 116258 509
766031 198151 509
354877 345117 441
856446 764623 525
715695 673491 504
82782 88666 333
40454 318677 443
46927 664655 509
3944 265109 443
831184 808111 450
351910 340292 441
695310 909048 525
867519 735321 525
295250 231001 407
781217 624101 509
240156 696244 509
316814 768721 509
799542 843618 525
52912 579629 470
495651 851908 525
532384 853240 525
