257473 381188 441
611728 198032 470
678585 502090 509
866475 768408 525
109441 544679 470
981860 404277 525
716135 975167 525
382986 812348 509
962779 559079 525
903541 627497 525
752144 898630 525
98201 416511 449
978881 141789 525
316944 151066 443
462037 941454 525
430423 308033 449
610281 277757 470
374170 563303 470
961578 368288 525
912423 792551 525
375240 760805 509
413109 562386 470
916765 771670 525
959673 444305 525
653878 322590 509
293978 385194 441
833608 903261 525
555904 961046 525
974292 87057 525
854980 506680 525
604238 174850 470
992367 910720 507
439025 929945 525
596740 893135 525
880326 222135 525
829199 50687 509
134838 369224 443
863243 562520 525
448034 587037 470
614788 66082 470
524004 328700 470
227796 815161 509
546957 538321 452
732614 126784 509
416340 104548 449
838150 237338 525
979531 974366 383
735989 56047 509
394747 712462 509
654862 679223 442
712498 30486 509
977527 905307 507
349100 557930 470
61 393354 443
