790796 226281 509
590263 140291 470
943812 885545 507
57044 16167 340
499526 483310 426
762117 544802 509
908377 155387 525
879311 58922 525
772608 283835 509
233216 211528 443
621580 450882 470
975283 604654 525
799297 622831 509
583153 8197 470
950298 776002 525
700845 258149 509
425501 165354 449
548516 261235 470
671247 451624 509
598115 336396 470
448894 69400 449
711968 666420 504
936335 824341 525
464039 257094 449
529500 229841 470
477420 142583 449
589786 389174 470
300334 91698 443
828781 672743 504
875348 633538 525
838741 632002 525
636673 233237 509
958471 879152 507
715973 253883 509
709446 178525 509
814318 235131 509
897218 672656 525
512050 347160 470
374126 40291 443
894158 381301 525
238751 48890 443
821345 674739 504
849003 524434 525
599918 94159 470
406502 132129 443
809099 446770 509
404108 242206 441
416637 245606 449
484237 368029 449
873981 99649 525
476551 363428 449
770284 197506 509
803382 178673 509
603148 468587 470
930701 756308 525
899097 793709 525
528452 504465 470
707541 424623 509
929292 928533 339
662375 17474 509
600808 337222 470
754665 408190 509
890166 94187 525
565352 127001 470
462503 44762 449
346906 162219 443
513157 257088 470
367009 198743 443
601024 77501 470
764462 751178 424
979920 708560 525
969237 233498 525
874829 482371 525
697973 567314 509
377462 78237 443
326314 75431 443
657407 173496 509
880412 596902 525
730681 343922 509
725873 162066 509
797838 635385 504
946654 559559 525
479990 276214 449
681467 387746 509
62715 112212 354
814258 633126 504
863633 759677 525
655891 95213 509
862442 104027 525
510415 365135 449
735825 39010 509
996128 976114 427
457687 393017 449
987213 882085 507
499077 91115 449
926557 819500 525
878808 466927 525
336803 48590 443
398345 122722 443
857990 91167 525
